2023-06-14 14:09:24.133 [info] Log level: Info
2023-06-14 14:09:24.133 [info] Validating found git in: "git"
2023-06-14 14:09:24.133 [info] Using git "2.41.0" from "git"
2023-06-14 14:09:24.173 [info] > git rev-parse --show-toplevel [116ms]
2023-06-14 14:09:24.418 [info] > git rev-parse --git-dir --git-common-dir [57ms]
2023-06-14 14:09:24.597 [info] Open repository: /home/hodes/git/arch_backups
2023-06-14 14:09:24.752 [info] > git config --get commit.template [50ms]
2023-06-14 14:09:24.753 [info] > git rev-parse --show-toplevel [99ms]
2023-06-14 14:09:25.976 [info] > git rev-parse --show-toplevel [1184ms]
2023-06-14 14:09:27.329 [info] > git check-ignore -v -z --stdin [155ms]
2023-06-14 14:09:27.399 [info] > git rev-parse --show-toplevel [1383ms]
2023-06-14 14:09:27.444 [info] > git fetch [2852ms]
2023-06-14 14:09:28.056 [info] > git rev-parse --show-toplevel [616ms]
2023-06-14 14:09:28.081 [info] > git for-each-ref --format=%(refname)%00%(upstream:short)%00%(objectname)%00%(upstream:track)%00%(upstream:remotename)%00%(upstream:remoteref) refs/heads/main refs/remotes/main [792ms]
2023-06-14 14:09:28.464 [info] > git config --get commit.template [408ms]
2023-06-14 14:09:28.605 [info] > git config --get commit.template [145ms]
2023-06-14 14:09:28.995 [info] > git for-each-ref --format=%(refname)%00%(upstream:short)%00%(objectname)%00%(upstream:track)%00%(upstream:remotename)%00%(upstream:remoteref) refs/heads/main refs/remotes/main [309ms]
2023-06-14 14:09:29.108 [info] > git for-each-ref --format=%(refname)%00%(upstream:short)%00%(objectname)%00%(upstream:track)%00%(upstream:remotename)%00%(upstream:remoteref) refs/heads/main refs/remotes/main [121ms]
2023-06-14 14:09:29.511 [info] > git status -z -uall --find-renames=50% [328ms]
2023-06-14 14:09:54.424 [info] > git check-ignore -v -z --stdin [10ms]
2023-06-14 14:10:02.512 [info] > git branch [4ms]
2023-06-14 14:10:02.533 [info] > git reset -q HEAD -- . [6ms]
2023-06-14 14:10:02.574 [info] > git config --get commit.template [22ms]
2023-06-14 14:10:02.583 [info] > git for-each-ref --format=%(refname)%00%(upstream:short)%00%(objectname)%00%(upstream:track)%00%(upstream:remotename)%00%(upstream:remoteref) refs/heads/main refs/remotes/main [10ms]
2023-06-14 14:10:02.614 [info] > git status -z -uall --find-renames=50% [11ms]
2023-06-14 14:10:13.021 [info] > git checkout -q -- /home/hodes/git/arch_backups/.config/X11/xinit/xinitrc /home/hodes/git/arch_backups/.config/X11/xinit/xinitrc.d/40-libcanberra-gtk-module.sh /home/hodes/git/arch_backups/.config/X11/xinit/xinitrc.d/50-systemd-user.sh /home/hodes/git/arch_backups/.config/X11/xinit/xinitrc.d/80xapp-gtk3-module.sh /home/hodes/git/arch_backups/.config/X11/xinit/xserverrc /home/hodes/git/arch_backups/.config/X11/xorg.conf.d/00-keyboard.conf /home/hodes/git/arch_backups/.config/alacritty/alacritty.default.yml /home/hodes/git/arch_backups/.config/alacritty/alacritty.yml /home/hodes/git/arch_backups/.config/code/code.config.json /home/hodes/git/arch_backups/.config/eww/eww.scss /home/hodes/git/arch_backups/.config/eww/eww.scss.bak /home/hodes/git/arch_backups/.config/eww/eww.yuck /home/hodes/git/arch_backups/.config/eww/eww.yuck.bak /home/hodes/git/arch_backups/.config/eww/overlay/eww.scss /home/hodes/git/arch_backups/.config/eww/overlay/eww.yuck /home/hodes/git/arch_backups/.config/eww/topbar/eww.scss /home/hodes/git/arch_backups/.config/eww/topbar/eww.yuck /home/hodes/git/arch_backups/.config/hypr/bindings.conf /home/hodes/git/arch_backups/.config/hypr/colors.conf /home/hodes/git/arch_backups/.config/hypr/hyprland.conf /home/hodes/git/arch_backups/.config/hypr/hyprland.default.conf /home/hodes/git/arch_backups/.config/hypr/hyprpaper.conf /home/hodes/git/arch_backups/.config/picom/picom.conf /home/hodes/git/arch_backups/.config/picom/picom.default.conf /home/hodes/git/arch_backups/.config/qtile/qtile.config.py /home/hodes/git/arch_backups/.config/qtile/qtile.default.py /home/hodes/git/arch_backups/.config/scripts/eww/backlight /home/hodes/git/arch_backups/.config/scripts/eww/battery /home/hodes/git/arch_backups/.config/scripts/eww/calc_bright_percent /home/hodes/git/arch_backups/.config/scripts/eww/change_active_workspace /home/hodes/git/arch_backups/.config/scripts/eww/extract_text /home/hodes/git/arch_backups/.config/scripts/eww/get_active_workspace /home/hodes/git/arch_backups/.config/scripts/eww/get_workspaces /home/hodes/git/arch_backups/.config/scripts/eww/launch /home/hodes/git/arch_backups/.config/scripts/eww/launch_bar /home/hodes/git/arch_backups/.config/scripts/eww/open_calendar /home/hodes/git/arch_backups/.config/scripts/eww/wifi /home/hodes/git/arch_backups/.config/wallpapers/edgerunners01.jpg /home/hodes/git/arch_backups/.config/wallpapers/edgerunners02.jpg [328ms]
2023-06-14 14:10:13.021 [info] fatal: cannot create directory at '.config/scripts/eww': Permission denied
2023-06-14 14:10:13.096 [info] > git for-each-ref --format=%(refname)%00%(upstream:short)%00%(objectname)%00%(upstream:track)%00%(upstream:remotename)%00%(upstream:remoteref) refs/heads/main refs/remotes/main [11ms]
2023-06-14 14:10:13.097 [info] > git config --get commit.template [42ms]
2023-06-14 14:10:13.127 [info] > git status -z -uall --find-renames=50% [14ms]
2023-06-14 14:10:14.054 [info] > git check-ignore -v -z --stdin [5ms]
2023-06-14 14:10:26.340 [info] > git config --get commit.template [39ms]
2023-06-14 14:10:26.355 [info] > git for-each-ref --format=%(refname)%00%(upstream:short)%00%(objectname)%00%(upstream:track)%00%(upstream:remotename)%00%(upstream:remoteref) refs/heads/main refs/remotes/main [17ms]
2023-06-14 14:10:26.401 [info] > git status -z -uall --find-renames=50% [18ms]
