2023-06-14 14:11:48.393 [info] Log level: Info
2023-06-14 14:11:48.393 [info] Validating found git in: "git"
2023-06-14 14:11:48.393 [info] Using git "2.41.0" from "git"
2023-06-14 14:11:48.393 [info] > git rev-parse --show-toplevel [467ms]
2023-06-14 14:11:48.563 [info] > git rev-parse --git-dir --git-common-dir [111ms]
2023-06-14 14:11:48.646 [info] Open repository: /home/hodes/git/arch_backups
2023-06-14 14:11:49.032 [info] > git rev-parse --show-toplevel [256ms]
2023-06-14 14:11:49.265 [info] > git rev-parse --show-toplevel [183ms]
2023-06-14 14:11:49.335 [info] > git config --get commit.template [307ms]
2023-06-14 14:11:49.391 [info] > git rev-parse --show-toplevel [56ms]
2023-06-14 14:11:49.667 [info] > git rev-parse --show-toplevel [190ms]
2023-06-14 14:11:49.690 [info] > git for-each-ref --format=%(refname)%00%(upstream:short)%00%(objectname)%00%(upstream:track)%00%(upstream:remotename)%00%(upstream:remoteref) refs/heads/main refs/remotes/main [26ms]
2023-06-14 14:11:49.897 [info] > git status -z -uall --find-renames=50% [116ms]
2023-06-14 14:11:50.374 [info] > git config --get commit.template [149ms]
2023-06-14 14:11:50.953 [info] > git check-ignore -v -z --stdin [28ms]
2023-06-14 14:11:50.994 [info] > git for-each-ref --format=%(refname)%00%(upstream:short)%00%(objectname)%00%(upstream:track)%00%(upstream:remotename)%00%(upstream:remoteref) refs/heads/main refs/remotes/main [142ms]
2023-06-14 14:11:51.126 [info] > git status -z -uall --find-renames=50% [36ms]
2023-06-14 14:12:26.952 [info] > git check-ignore -v -z --stdin [3ms]
2023-06-14 14:13:03.296 [info] > git check-ignore -v -z --stdin [5ms]
2023-06-14 14:14:46.573 [info] > git check-ignore -v -z --stdin [4ms]
2023-06-14 14:18:15.088 [info] > git config --get commit.template [54ms]
2023-06-14 14:18:15.111 [info] > git for-each-ref --format=%(refname)%00%(upstream:short)%00%(objectname)%00%(upstream:track)%00%(upstream:remotename)%00%(upstream:remoteref) refs/heads/main refs/remotes/main [26ms]
2023-06-14 14:18:15.215 [info] > git status -z -uall --find-renames=50% [48ms]
2023-06-14 14:18:17.166 [info] > git fetch [2245ms]
2023-06-14 14:18:17.359 [info] > git config --get commit.template [89ms]
2023-06-14 14:18:17.398 [info] > git for-each-ref --format=%(refname)%00%(upstream:short)%00%(objectname)%00%(upstream:track)%00%(upstream:remotename)%00%(upstream:remoteref) refs/heads/main refs/remotes/main [42ms]
2023-06-14 14:18:17.512 [info] > git status -z -uall --find-renames=50% [44ms]
2023-06-14 14:18:33.153 [info] > git config --get commit.template [103ms]
2023-06-14 14:18:33.183 [info] > git for-each-ref --format=%(refname)%00%(upstream:short)%00%(objectname)%00%(upstream:track)%00%(upstream:remotename)%00%(upstream:remoteref) refs/heads/main refs/remotes/main [33ms]
2023-06-14 14:18:33.431 [info] > git status -z -uall --find-renames=50% [73ms]
2023-06-14 14:19:24.008 [info] > git config --get commit.template [77ms]
2023-06-14 14:19:24.036 [info] > git for-each-ref --format=%(refname)%00%(upstream:short)%00%(objectname)%00%(upstream:track)%00%(upstream:remotename)%00%(upstream:remoteref) refs/heads/main refs/remotes/main [42ms]
2023-06-14 14:19:24.124 [info] > git status -z -uall --find-renames=50% [21ms]
2023-06-14 14:19:39.181 [info] > git check-ignore -v -z --stdin [18ms]
