2023-06-14 12:19:41.049 [info] Log level: Info
2023-06-14 12:19:41.058 [info] Validating found git in: "git"
2023-06-14 12:19:41.058 [info] Using git "2.41.0" from "git"
2023-06-14 12:19:41.058 [info] > git rev-parse --show-toplevel [257ms]
2023-06-14 12:19:41.058 [info] > git rev-parse --git-dir --git-common-dir [289ms]
2023-06-14 12:19:41.058 [info] Open repository: /home/hodes/git/arch_backups
2023-06-14 12:19:41.058 [info] > git rev-parse --show-toplevel [141ms]
2023-06-14 12:19:41.058 [info] > git rev-parse --show-toplevel [2056ms]
2023-06-14 12:19:41.058 [info] > git config --get commit.template [2288ms]
2023-06-14 12:19:41.115 [info] > git check-ignore -v -z --stdin [170ms]
2023-06-14 12:19:41.417 [info] > git rev-parse --show-toplevel [3330ms]
2023-06-14 12:19:42.479 [info] > git rev-parse --show-toplevel [950ms]
2023-06-14 12:19:42.977 [info] > git for-each-ref --format=%(refname)%00%(upstream:short)%00%(objectname)%00%(upstream:track)%00%(upstream:remotename)%00%(upstream:remoteref) refs/heads/main refs/remotes/main [531ms]
2023-06-14 12:19:43.626 [info] > git status -z -uall --find-renames=50% [539ms]
2023-06-14 12:19:44.145 [info] > git config --get commit.template [275ms]
2023-06-14 12:19:44.733 [info] > git for-each-ref --format=%(refname)%00%(upstream:short)%00%(objectname)%00%(upstream:track)%00%(upstream:remotename)%00%(upstream:remoteref) refs/heads/main refs/remotes/main [249ms]
2023-06-14 12:19:44.914 [info] > git status -z -uall --find-renames=50% [63ms]
2023-06-14 12:34:46.521 [info] > git config --get commit.template [300ms]
2023-06-14 12:34:46.538 [info] > git fetch [2063ms]
2023-06-14 12:34:46.772 [info] > git config --get commit.template [50ms]
2023-06-14 12:34:46.848 [info] > git for-each-ref --format=%(refname)%00%(upstream:short)%00%(objectname)%00%(upstream:track)%00%(upstream:remotename)%00%(upstream:remoteref) refs/heads/main refs/remotes/main [86ms]
2023-06-14 12:34:46.880 [info] > git for-each-ref --format=%(refname)%00%(upstream:short)%00%(objectname)%00%(upstream:track)%00%(upstream:remotename)%00%(upstream:remoteref) refs/heads/main refs/remotes/main [35ms]
2023-06-14 12:34:47.001 [info] > git status -z -uall --find-renames=50% [50ms]
2023-06-14 12:35:03.763 [info] > git config --get commit.template [77ms]
2023-06-14 12:35:03.783 [info] > git for-each-ref --format=%(refname)%00%(upstream:short)%00%(objectname)%00%(upstream:track)%00%(upstream:remotename)%00%(upstream:remoteref) refs/heads/main refs/remotes/main [23ms]
2023-06-14 12:35:03.888 [info] > git status -z -uall --find-renames=50% [23ms]
2023-06-14 12:42:13.806 [info] > git fetch [1578ms]
2023-06-14 12:42:13.884 [info] > git config --get commit.template [37ms]
2023-06-14 12:42:13.899 [info] > git for-each-ref --format=%(refname)%00%(upstream:short)%00%(objectname)%00%(upstream:track)%00%(upstream:remotename)%00%(upstream:remoteref) refs/heads/main refs/remotes/main [16ms]
2023-06-14 12:42:13.951 [info] > git status -z -uall --find-renames=50% [18ms]
2023-06-14 13:09:09.991 [info] > git fetch [2038ms]
2023-06-14 13:09:10.045 [info] > git config --get commit.template [17ms]
2023-06-14 13:09:10.050 [info] > git for-each-ref --format=%(refname)%00%(upstream:short)%00%(objectname)%00%(upstream:track)%00%(upstream:remotename)%00%(upstream:remoteref) refs/heads/main refs/remotes/main [7ms]
2023-06-14 13:09:10.228 [info] > git status -z -uall --find-renames=50% [165ms]
