00:00:04.200623 VirtualBox GUI VM Selector Window 7.0.8 r156879 linux.amd64 (Apr 18 2023 21:49:14) release log
00:00:04.200629 Log opened 2023-05-16T15:28:56.751265000Z
00:00:04.200630 Build Type: release
00:00:04.200634 OS Product: Linux
00:00:04.200635 OS Release: 6.3.1-arch2-1
00:00:04.200637 OS Version: #1 SMP PREEMPT_DYNAMIC Wed, 10 May 2023 08:54:47 +0000
00:00:04.200689 DMI Product Name: HP 255 G6 Notebook PC
00:00:04.200706 DMI Product Version: Type1ProductConfigId
00:00:04.200723 Firmware type: UEFI
00:00:04.201098 Secure Boot: Disabled
00:00:04.201194 Host RAM: 3806MB (3.7GB) total, 961MB available
00:00:04.201199 Executable: /usr/lib/virtualbox/VirtualBox
00:00:04.201200 Process ID: 12000
00:00:04.201201 Package type: LINUX_64BITS_GENERIC (OSE)
00:00:04.201284 Qt version: 5.15.9
00:00:04.214894 GUI: UIMediumEnumerator: Initial medium-enumeration finished!
00:00:04.334052 GUI: UIMediumEnumerator: Medium-enumeration started...
00:00:08.022569 GUI: UIMediumEnumerator: Medium-enumeration finished!
00:00:08.125868 GUI: UIInvisibleWindow::sltFallback: Move event haven't came. Screen: 0, work area: 0x0 x 1366x768
00:00:08.125920 GUI: UIDesktopWidgetWatchdog::sltHandleHostScreenAvailableGeometryCalculated: Screen 0 work area is actually resized to: 0x0 x 1366x768
